#
# A fatal error has been detected by the Java Runtime Environment:
#
#  EXCEPTION_ACCESS_VIOLATION (0xc0000005) at pc=0x00000223d1cc172a, pid=14000, tid=11408
#
# JRE version: OpenJDK Runtime Environment (17.0.1+12) (build 17.0.1+12-39)
# Java VM: OpenJDK 64-Bit Server VM (17.0.1+12-39, mixed mode, sharing, tiered, compressed oops, compressed class ptrs, g1 gc, windows-amd64)
# Problematic frame:
# 
[error occurred during error reporting (printing problematic frame), id 0xc0000005, EXCEPTION_ACCESS_VIOLATION (0xc0000005) at pc=0x00007ffdf2e3fe93]

# No core dump will be written. Minidumps are not enabled by default on client versions of Windows
#
# If you would like to submit a bug report, please visit:
#   https://bugreport.java.com/bugreport/crash.jsp
# The crash happened outside the Java Virtual Machine in native code.
# See problematic frame for where to report the bug.
#

---------------  S U M M A R Y ------------

Command Line: --module-path=E:\Java\javafx-sdk-17.0.1\lib --add-modules=javafx.controls,javafx.fxml -javaagent:C:\Program Files\JetBrains\IntelliJ IDEA Community Edition 2021.2.3\lib\idea_rt.jar=58177:C:\Program Files\JetBrains\IntelliJ IDEA Community Edition 2021.2.3\bin -Dfile.encoding=UTF-8 Start.HelloApplication

Host: Intel(R) Core(TM) i7-7500U CPU @ 2.70GHz, 4 cores, 7G,  Windows 10 , 64 bit Build 19041 (10.0.19041.1202)
Time: Thu Oct 28 16:23:34 2021 Egypt Standard Time elapsed time: 0.831411 seconds (0d 0h 0m 0s)

---------------  T H R E A D  ---------------

Current thread (0x00000223e9746220):  JavaThread "Thread-2" daemon [_thread_in_native, id=11408, stack(0x000000cd0a200000,0x000000cd0a300000)]

Stack: [0x000000cd0a200000,0x000000cd0a300000]
[error occurred during error reporting (printing stack bounds), id 0xc0000005, EXCEPTION_ACCESS_VIOLATION (0xc0000005) at pc=0x00007ffdf2e3fe93]

Native frames: (J=compiled Java code, j=interpreted, Vv=VM code, C=native code)
C  0x00000223d1cc172a


siginfo: EXCEPTION_ACCESS_VIOLATION (0xc0000005), writing address 0x00000000d1fb0c44


Register to memory mapping:

RIP=
[error occurred during error reporting (printing register info), id 0xc0000005, EXCEPTION_ACCESS_VIOLATION (0xc0000005) at pc=0x00007ffdf2e3bf69]

Registers:
RAX=0x00000000d1fb0c44, RBX=0x00000223e89cf220, RCX=0x00000000319d7d69, RDX=0x00000223e9746438
RSP=0x000000cd0a2ffc58, RBP=0x00000223e9701f90, RSI=0x0000000000000010, RDI=0x00007ffe1b3ff3b0
R8 =0x0000000000000001, R9 =0x0000000000000001, R10=0x00000223e88b8930, R11=0x000000cd0a2ffc10
R12=0x000000007ffe000c, R13=0x000000007ffe0008, R14=0x0000000000000000, R15=0x0000000000000000
RIP=0x00000223d1cc172a, EFLAGS=0x0000000000010286

Top of Stack: (sp=0x000000cd0a2ffc58)
0x000000cd0a2ffc58:   00007ffe1b3ff4c3 00000223e97464c8
0x000000cd0a2ffc68:   0000000000000010 00000223e89d1f18
0x000000cd0a2ffc78:   0000000000000000 00007ffe1b3ff3b0
0x000000cd0a2ffc88:   00007ffe464a2811 00007ffe464bcf40
0x000000cd0a2ffc98:   00007ffe464bcf40 00007ffe464bcf40
0x000000cd0a2ffca8:   0000000000000010 0000000000000000
0x000000cd0a2ffcb8:   0000000000000000 0000000000000000
0x000000cd0a2ffcc8:   0000000000000000 0000000000000002
0x000000cd0a2ffcd8:   000005660585fe3f 0000000000000000
0x000000cd0a2ffce8:   fffffffffffdd7e4 0000001000000000
0x000000cd0a2ffcf8:   0000000000000000 0000000000000000
0x000000cd0a2ffd08:   0000000000000000 0000000000000000
0x000000cd0a2ffd18:   0000000000000000 0000000000000000
0x000000cd0a2ffd28:   0000000000000000 0000000000000000
0x000000cd0a2ffd38:   0000000000000000 00000000000005ec
0x000000cd0a2ffd48:   00000000000005f8 0000000000000000 

Instructions: (pc=0x00000223d1cc172a)
0x00000223d1cc162a:   52 77 99 ff f4 f4 f4 f4 f4 f4 f4 f4 f4 f4 f4 f4
0x00000223d1cc163a:   f4 f4 f4 f4 f4 f4 0f 1f 44 00 00 48 bb 00 00 00
0x00000223d1cc164a:   00 00 00 00 00 e9 fb ff ff ff 90 48 bb 00 00 00
0x00000223d1cc165a:   00 00 00 00 00 e9 fb ff ff ff 90 48 bb 00 00 00
0x00000223d1cc166a:   00 00 00 00 00 e9 fb ff ff ff 90 48 bb 00 00 00
0x00000223d1cc167a:   00 00 00 00 00 e9 fb ff ff ff e8 f7 49 99 ff 48
0x00000223d1cc168a:   b9 78 2e 50 f3 fd 7f 00 00 48 83 e4 f0 49 ba e0
0x00000223d1cc169a:   58 1e f3 fd 7f 00 00 41 ff d2 f4 49 ba a5 16 cc
0x00000223d1cc16aa:   d1 23 02 00 00 41 52 e9 ea 0f 98 ff f4 f4 08 45
0x00000223d1cc16ba:   89 e7 23 02 00 00 e0 42 89 e7 23 02 00 00 90 e3
0x00000223d1cc16ca:   2f 00 08 00 00 00 18 b3 10 00 08 00 00 00 40 12
0x00000223d1cc16da:   08 00 08 00 00 00 08 b1 10 00 08 00 00 00 60 c2
0x00000223d1cc16ea:   42 00 08 00 00 00 c8 b3 10 00 08 00 00 00 30 a4
0x00000223d1cc16fa:   c4 00 08 00 00 00 d0 97 18 00 08 00 00 00 ff 03
0x00000223d1cc170a:   00 c2 08 00 00 00 00 00 01 03 01 00 00 02 00 00
0x00000223d1cc171a:   00 00 09 02 0c 0f 00 00 14 03 03 0f 00 00 03 00
0x00000223d1cc172a:   00 00 00 00 00 00 01 10 20 00 00 00 01 13 20 00
0x00000223d1cc173a:   00 01 00 00 02 00 c2 0a 00 c2 0a 2d 04 06 33 36
0x00000223d1cc174a:   00 01 00 c2 09 3d 05 09 33 43 00 01 00 c2 0c 09
0x00000223d1cc175a:   02 06 0f 4d 00 01 00 c2 0b 51 05 09 33 57 00 03
0x00000223d1cc176a:   00 92 00 d2 05 00 00 00 01 00 61 00 00 03 00 92
0x00000223d1cc177a:   00 00 00 00 00 01 03 6f 00 00 02 00 92 00 d2 05
0x00000223d1cc178a:   76 02 00 7c 00 00 01 00 d2 00 76 02 06 0f 88 00
0x00000223d1cc179a:   01 00 d2 05 8c 05 00 92 00 00 02 00 d2 00 00 d2
0x00000223d1cc17aa:   05 14 03 00 9c 00 00 14 03 06 0f 00 00 2d 04 00
0x00000223d1cc17ba:   88 00 00 2d 04 01 88 00 00 02 00 12 00 12 2d 04
0x00000223d1cc17ca:   06 33 bb 00 c0 00 05 00 88 00 00 01 00 12 2d 04
0x00000223d1cc17da:   09 33 cd 00 00 02 00 12 00 d2 00 d0 00 06 00 d7
0x00000223d1cc17ea:   00 00 00 d0 00 06 02 d7 00 00 00 e5 00 07 00 cd
0x00000223d1cc17fa:   00 00 00 00 01 17 20 00 00 f5 00 08 00 33 00 00
0x00000223d1cc180a:   3d 05 05 33 00 00 51 05 05 33 00 00 00 00 ff ff
0x00000223d1cc181a:   ff ff 00 00 00 00 00 00 00 00 00 00 00 00 84 01 



[error occurred during error reporting (inspecting top of stack), id 0xc0000005, EXCEPTION_ACCESS_VIOLATION (0xc0000005) at pc=0x00007ffdf2e3fe93]


[error occurred during error reporting (printing code blob if possible), id 0xc0000005, EXCEPTION_ACCESS_VIOLATION (0xc0000005) at pc=0x00007ffdf2e3fe93]


---------------  P R O C E S S  ---------------

Threads class SMR info:
_java_thread_list=0x00000223e8bfadd0, length=17, elements={
0x00000223c9debd50, 0x00000223e75907d0, 0x00000223e7591640, 0x00000223e75a4760,
0x00000223e75a7220, 0x00000223e75a7bd0, 0x00000223e75a8580, 0x00000223e75a9310,
0x00000223e75abd40, 0x00000223e7620990, 0x00000223c9ecc5e0, 0x00000223e80ab1f0,
0x00000223e83fe400, 0x00000223e83fe8d0, 0x00000223e8e2d8c0, 0x00000223e964f420,
0x00000223e9746220
}

Java Threads: ( => current thread )
  0x00000223c9debd50 JavaThread "main" [_thread_blocked, id=1404, stack(0x000000cd08400000,0x000000cd08500000)]
  0x00000223e75907d0 JavaThread "Reference Handler" daemon [_thread_blocked, id=7096, stack(0x000000cd08b00000,0x000000cd08c00000)]
  0x00000223e7591640 JavaThread "Finalizer" daemon [_thread_blocked, id=16348, stack(0x000000cd08c00000,0x000000cd08d00000)]
  0x00000223e75a4760 JavaThread "Signal Dispatcher" daemon [_thread_blocked, id=5760, stack(0x000000cd08d00000,0x000000cd08e00000)]
  0x00000223e75a7220 JavaThread "Attach Listener" daemon [_thread_blocked, id=10976, stack(0x000000cd08e00000,0x000000cd08f00000)]
  0x00000223e75a7bd0 JavaThread "Service Thread" daemon [_thread_blocked, id=12792, stack(0x000000cd08f00000,0x000000cd09000000)]
  0x00000223e75a8580 JavaThread "Monitor Deflation Thread" daemon [_thread_blocked, id=10640, stack(0x000000cd09000000,0x000000cd09100000)]
  0x00000223e75a9310 JavaThread "C2 CompilerThread0" daemon [_thread_blocked, id=18256, stack(0x000000cd09100000,0x000000cd09200000)]
  0x00000223e75abd40 JavaThread "C1 CompilerThread0" daemon [_thread_blocked, id=12056, stack(0x000000cd09200000,0x000000cd09300000)]
  0x00000223e7620990 JavaThread "Sweeper thread" daemon [_thread_blocked, id=17236, stack(0x000000cd09300000,0x000000cd09400000)]
  0x00000223c9ecc5e0 JavaThread "Common-Cleaner" daemon [_thread_blocked, id=1248, stack(0x000000cd09400000,0x000000cd09500000)]
  0x00000223e80ab1f0 JavaThread "C2 CompilerThread1" daemon [_thread_blocked, id=6404, stack(0x000000cd09500000,0x000000cd09600000)]
  0x00000223e83fe400 JavaThread "Monitor Ctrl-Break" daemon [_thread_in_native, id=6636, stack(0x000000cd09600000,0x000000cd09700000)]
  0x00000223e83fe8d0 JavaThread "Notification Thread" daemon [_thread_blocked, id=4856, stack(0x000000cd09700000,0x000000cd09800000)]
  0x00000223e8e2d8c0 JavaThread "QuantumRenderer-0" daemon [_thread_blocked, id=14464, stack(0x000000cd09900000,0x000000cd09a00000)]
  0x00000223e964f420 JavaThread "InvokeLaterDispatcher" daemon [_thread_blocked, id=14920, stack(0x000000cd09b00000,0x000000cd09c00000)]
=>0x00000223e9746220 JavaThread "Thread-2" daemon [_thread_in_native, id=11408, stack(0x000000cd0a200000,0x000000cd0a300000)]

Other Threads:
  0x00000223e758a770 VMThread "VM Thread" [stack: 0x000000cd08a00000,0x000000cd08b00000] [id=11932]
  0x00000223c9e2c760 GCTaskThread "GC Thread#0" [stack: 0x000000cd08500000,0x000000cd08600000] [id=13016]
  0x00000223e95adb30 GCTaskThread "GC Thread#1" [stack: 0x000000cd09e00000,0x000000cd09f00000] [id=5956]
  0x00000223e95adde0 GCTaskThread "GC Thread#2" [stack: 0x000000cd09f00000,0x000000cd0a000000] [id=13824]
  0x00000223e95b20a0 GCTaskThread "GC Thread#3" [stack: 0x000000cd0a000000,0x000000cd0a100000] [id=4652]
  0x00000223c9e3d3a0 ConcurrentGCThread "G1 Main Marker" terminated
  0x00000223c9e3f6a0 ConcurrentGCThread "G1 Conc#0" [stack: 0x000000cd08700000,0x000000cd08800000] [id=12156]
  0x00000223c9eb5bd0 ConcurrentGCThread "G1 Refine#0" terminated
  0x00000223c9eb65f0 ConcurrentGCThread "G1 Service" terminated

Threads with active compile tasks:
C2 CompilerThread0      952  842       4       java.lang.StringBuilder::append (8 bytes)

VM state: at safepoint (normal execution)

VM Mutex/Monitor currently owned by a thread:  ([mutex/lock_event])
[0x00000223c9de7900] Threads_lock - owner thread: 0x00000223e758a770
[0x00000223c9de91c0] Heap_lock - owner thread: 0x00000223c9debd50

Heap address: 0x0000000081800000, size: 2024 MB, Compressed Oops mode: 32-bit

CDS archive(s) mapped at: [0x0000000800000000-0x0000000800bc0000-0x0000000800bc0000), size 12320768, SharedBaseAddress: 0x0000000800000000, ArchiveRelocationMode: 0.
Compressed class space mapped at: 0x0000000800c00000-0x0000000840c00000, reserved size: 1073741824
Narrow klass base: 0x0000000800000000, Narrow klass shift: 0, Narrow klass range: 0x100000000

GC Precious Log:
 CPUs: 4 total, 4 available
 Memory: 8092M
 Large Page Support: Disabled
 NUMA Support: Disabled
 Compressed Oops: Enabled (32-bit)
 Heap Region Size: 1M
 Heap Min Capacity: 8M
 Heap Initial Capacity: 128M
 Heap Max Capacity: 2024M
 Pre-touch: Disabled
 Parallel Workers: 4
 Concurrent Workers: 1
 Concurrent Refinement Workers: 4
 Periodic GC: Disabled

Heap:
 garbage-first heap   total 131072K, used 7024K [0x0000000081800000, 0x0000000100000000)
  region size 1024K, 9 young (9216K), 2 survivors (2048K)
 Metaspace       used 4543K, committed 4800K, reserved 1056768K
  class space    used 562K, committed 704K, reserved 1048576K

Heap Regions: E=young(eden), S=young(survivor), O=old, HS=humongous(starts), HC=humongous(continues), CS=collection set, F=free, OA=open archive, CA=closed archive, TAMS=top-at-mark-start (previous, next)
|   0|0x0000000081800000, 0x0000000081800000, 0x0000000081900000|  0%| F|  |TAMS 0x0000000081800000, 0x0000000081800000| Untracked 
|   1|0x0000000081900000, 0x0000000081900000, 0x0000000081a00000|  0%| F|  |TAMS 0x0000000081900000, 0x0000000081900000| Untracked 
|   2|0x0000000081a00000, 0x0000000081a00000, 0x0000000081b00000|  0%| F|  |TAMS 0x0000000081a00000, 0x0000000081a00000| Untracked 
|   3|0x0000000081b00000, 0x0000000081b00000, 0x0000000081c00000|  0%| F|  |TAMS 0x0000000081b00000, 0x0000000081b00000| Untracked 
|   4|0x0000000081c00000, 0x0000000081c00000, 0x0000000081d00000|  0%| F|  |TAMS 0x0000000081c00000, 0x0000000081c00000| Untracked 
|   5|0x0000000081d00000, 0x0000000081d00000, 0x0000000081e00000|  0%| F|  |TAMS 0x0000000081d00000, 0x0000000081d00000| Untracked 
|   6|0x0000000081e00000, 0x0000000081e00000, 0x0000000081f00000|  0%| F|  |TAMS 0x0000000081e00000, 0x0000000081e00000| Untracked 
|   7|0x0000000081f00000, 0x0000000081f00000, 0x0000000082000000|  0%| F|  |TAMS 0x0000000081f00000, 0x0000000081f00000| Untracked 
|   8|0x0000000082000000, 0x0000000082000000, 0x0000000082100000|  0%| F|  |TAMS 0x0000000082000000, 0x0000000082000000| Untracked 
|   9|0x0000000082100000, 0x0000000082100000, 0x0000000082200000|  0%| F|  |TAMS 0x0000000082100000, 0x0000000082100000| Untracked 
|  10|0x0000000082200000, 0x0000000082200000, 0x0000000082300000|  0%| F|  |TAMS 0x0000000082200000, 0x0000000082200000| Untracked 
|  11|0x0000000082300000, 0x0000000082300000, 0x0000000082400000|  0%| F|  |TAMS 0x0000000082300000, 0x0000000082300000| Untracked 
|  12|0x0000000082400000, 0x0000000082400000, 0x0000000082500000|  0%| F|  |TAMS 0x0000000082400000, 0x0000000082400000| Untracked 
|  13|0x0000000082500000, 0x0000000082500000, 0x0000000082600000|  0%| F|  |TAMS 0x0000000082500000, 0x0000000082500000| Untracked 
|  14|0x0000000082600000, 0x0000000082600000, 0x0000000082700000|  0%| F|  |TAMS 0x0000000082600000, 0x0000000082600000| Untracked 
|  15|0x0000000082700000, 0x0000000082700000, 0x0000000082800000|  0%| F|  |TAMS 0x0000000082700000, 0x0000000082700000| Untracked 
|  16|0x0000000082800000, 0x0000000082800000, 0x0000000082900000|  0%| F|  |TAMS 0x0000000082800000, 0x0000000082800000| Untracked 
|  17|0x0000000082900000, 0x0000000082900000, 0x0000000082a00000|  0%| F|  |TAMS 0x0000000082900000, 0x0000000082900000| Untracked 
|  18|0x0000000082a00000, 0x0000000082a00000, 0x0000000082b00000|  0%| F|  |TAMS 0x0000000082a00000, 0x0000000082a00000| Untracked 
|  19|0x0000000082b00000, 0x0000000082b00000, 0x0000000082c00000|  0%| F|  |TAMS 0x0000000082b00000, 0x0000000082b00000| Untracked 
|  20|0x0000000082c00000, 0x0000000082c00000, 0x0000000082d00000|  0%| F|  |TAMS 0x0000000082c00000, 0x0000000082c00000| Untracked 
|  21|0x0000000082d00000, 0x0000000082d00000, 0x0000000082e00000|  0%| F|  |TAMS 0x0000000082d00000, 0x0000000082d00000| Untracked 
|  22|0x0000000082e00000, 0x0000000082e00000, 0x0000000082f00000|  0%| F|  |TAMS 0x0000000082e00000, 0x0000000082e00000| Untracked 
|  23|0x0000000082f00000, 0x0000000082f00000, 0x0000000083000000|  0%| F|  |TAMS 0x0000000082f00000, 0x0000000082f00000| Untracked 
|  24|0x0000000083000000, 0x0000000083000000, 0x0000000083100000|  0%| F|  |TAMS 0x0000000083000000, 0x0000000083000000| Untracked 
|  25|0x0000000083100000, 0x0000000083100000, 0x0000000083200000|  0%| F|  |TAMS 0x0000000083100000, 0x0000000083100000| Untracked 
|  26|0x0000000083200000, 0x0000000083200000, 0x0000000083300000|  0%| F|  |TAMS 0x0000000083200000, 0x0000000083200000| Untracked 
|  27|0x0000000083300000, 0x0000000083300000, 0x0000000083400000|  0%| F|  |TAMS 0x0000000083300000, 0x0000000083300000| Untracked 
|  28|0x0000000083400000, 0x0000000083400000, 0x0000000083500000|  0%| F|  |TAMS 0x0000000083400000, 0x0000000083400000| Untracked 
|  29|0x0000000083500000, 0x0000000083500000, 0x0000000083600000|  0%| F|  |TAMS 0x0000000083500000, 0x0000000083500000| Untracked 
|  30|0x0000000083600000, 0x0000000083600000, 0x0000000083700000|  0%| F|  |TAMS 0x0000000083600000, 0x0000000083600000| Untracked 
|  31|0x0000000083700000, 0x0000000083700000, 0x0000000083800000|  0%| F|  |TAMS 0x0000000083700000, 0x0000000083700000| Untracked 
|  32|0x0000000083800000, 0x0000000083800000, 0x0000000083900000|  0%| F|  |TAMS 0x0000000083800000, 0x0000000083800000| Untracked 
|  33|0x0000000083900000, 0x0000000083900000, 0x0000000083a00000|  0%| F|  |TAMS 0x0000000083900000, 0x0000000083900000| Untracked 
|  34|0x0000000083a00000, 0x0000000083a00000, 0x0000000083b00000|  0%| F|  |TAMS 0x0000000083a00000, 0x0000000083a00000| Untracked 
|  35|0x0000000083b00000, 0x0000000083b00000, 0x0000000083c00000|  0%| F|  |TAMS 0x0000000083b00000, 0x0000000083b00000| Untracked 
|  36|0x0000000083c00000, 0x0000000083c00000, 0x0000000083d00000|  0%| F|  |TAMS 0x0000000083c00000, 0x0000000083c00000| Untracked 
|  37|0x0000000083d00000, 0x0000000083d00000, 0x0000000083e00000|  0%| F|  |TAMS 0x0000000083d00000, 0x0000000083d00000| Untracked 
|  38|0x0000000083e00000, 0x0000000083e00000, 0x0000000083f00000|  0%| F|  |TAMS 0x0000000083e00000, 0x0000000083e00000| Untracked 
|  39|0x0000000083f00000, 0x0000000083f00000, 0x0000000084000000|  0%| F|  |TAMS 0x0000000083f00000, 0x0000000083f00000| Untracked 
|  40|0x0000000084000000, 0x0000000084000000, 0x0000000084100000|  0%| F|  |TAMS 0x0000000084000000, 0x0000000084000000| Untracked 
|  41|0x0000000084100000, 0x0000000084100000, 0x0000000084200000|  0%| F|  |TAMS 0x0000000084100000, 0x0000000084100000| Untracked 
|  42|0x0000000084200000, 0x0000000084200000, 0x0000000084300000|  0%| F|  |TAMS 0x0000000084200000, 0x0000000084200000| Untracked 
|  43|0x0000000084300000, 0x0000000084300000, 0x0000000084400000|  0%| F|  |TAMS 0x0000000084300000, 0x0000000084300000| Untracked 
|  44|0x0000000084400000, 0x0000000084400000, 0x0000000084500000|  0%| F|  |TAMS 0x0000000084400000, 0x0000000084400000| Untracked 
|  45|0x0000000084500000, 0x0000000084500000, 0x0000000084600000|  0%| F|  |TAMS 0x0000000084500000, 0x0000000084500000| Untracked 
|  46|0x0000000084600000, 0x0000000084600000, 0x0000000084700000|  0%| F|  |TAMS 0x0000000084600000, 0x0000000084600000| Untracked 
|  47|0x0000000084700000, 0x0000000084700000, 0x0000000084800000|  0%| F|  |TAMS 0x0000000084700000, 0x0000000084700000| Untracked 
|  48|0x0000000084800000, 0x0000000084800000, 0x0000000084900000|  0%| F|  |TAMS 0x0000000084800000, 0x0000000084800000| Untracked 
|  49|0x0000000084900000, 0x0000000084900000, 0x0000000084a00000|  0%| F|  |TAMS 0x0000000084900000, 0x0000000084900000| Untracked 
|  50|0x0000000084a00000, 0x0000000084a00000, 0x0000000084b00000|  0%| F|  |TAMS 0x0000000084a00000, 0x0000000084a00000| Untracked 
|  51|0x0000000084b00000, 0x0000000084b00000, 0x0000000084c00000|  0%| F|  |TAMS 0x0000000084b00000, 0x0000000084b00000| Untracked 
|  52|0x0000000084c00000, 0x0000000084c00000, 0x0000000084d00000|  0%| F|  |TAMS 0x0000000084c00000, 0x0000000084c00000| Untracked 
|  53|0x0000000084d00000, 0x0000000084d00000, 0x0000000084e00000|  0%| F|  |TAMS 0x0000000084d00000, 0x0000000084d00000| Untracked 
|  54|0x0000000084e00000, 0x0000000084e00000, 0x0000000084f00000|  0%| F|  |TAMS 0x0000000084e00000, 0x0000000084e00000| Untracked 
|  55|0x0000000084f00000, 0x0000000084f00000, 0x0000000085000000|  0%| F|  |TAMS 0x0000000084f00000, 0x0000000084f00000| Untracked 
|  56|0x0000000085000000, 0x0000000085000000, 0x0000000085100000|  0%| F|  |TAMS 0x0000000085000000, 0x0000000085000000| Untracked 
|  57|0x0000000085100000, 0x0000000085100000, 0x0000000085200000|  0%| F|  |TAMS 0x0000000085100000, 0x0000000085100000| Untracked 
|  58|0x0000000085200000, 0x0000000085200000, 0x0000000085300000|  0%| F|  |TAMS 0x0000000085200000, 0x0000000085200000| Untracked 
|  59|0x0000000085300000, 0x0000000085300000, 0x0000000085400000|  0%| F|  |TAMS 0x0000000085300000, 0x0000000085300000| Untracked 
|  60|0x0000000085400000, 0x0000000085400000, 0x0000000085500000|  0%| F|  |TAMS 0x0000000085400000, 0x0000000085400000| Untracked 
|  61|0x0000000085500000, 0x0000000085500000, 0x0000000085600000|  0%| F|  |TAMS 0x0000000085500000, 0x0000000085500000| Untracked 
|  62|0x0000000085600000, 0x0000000085600000, 0x0000000085700000|  0%| F|  |TAMS 0x0000000085600000, 0x0000000085600000| Untracked 
|  63|0x0000000085700000, 0x0000000085700000, 0x0000000085800000|  0%| F|  |TAMS 0x0000000085700000, 0x0000000085700000| Untracked 
|  64|0x0000000085800000, 0x0000000085800000, 0x0000000085900000|  0%| F|  |TAMS 0x0000000085800000, 0x0000000085800000| Untracked 
|  65|0x0000000085900000, 0x0000000085900000, 0x0000000085a00000|  0%| F|  |TAMS 0x0000000085900000, 0x0000000085900000| Untracked 
|  66|0x0000000085a00000, 0x0000000085a00000, 0x0000000085b00000|  0%| F|  |TAMS 0x0000000085a00000, 0x0000000085a00000| Untracked 
|  67|0x0000000085b00000, 0x0000000085b00000, 0x0000000085c00000|  0%| F|  |TAMS 0x0000000085b00000, 0x0000000085b00000| Untracked 
|  68|0x0000000085c00000, 0x0000000085c00000, 0x0000000085d00000|  0%| F|  |TAMS 0x0000000085c00000, 0x0000000085c00000| Untracked 
|  69|0x0000000085d00000, 0x0000000085d00000, 0x0000000085e00000|  0%| F|  |TAMS 0x0000000085d00000, 0x0000000085d00000| Untracked 
|  70|0x0000000085e00000, 0x0000000085e00000, 0x0000000085f00000|  0%| F|  |TAMS 0x0000000085e00000, 0x0000000085e00000| Untracked 
|  71|0x0000000085f00000, 0x0000000085f00000, 0x0000000086000000|  0%| F|  |TAMS 0x0000000085f00000, 0x0000000085f00000| Untracked 
|  72|0x0000000086000000, 0x0000000086000000, 0x0000000086100000|  0%| F|  |TAMS 0x0000000086000000, 0x0000000086000000| Untracked 
|  73|0x0000000086100000, 0x0000000086100000, 0x0000000086200000|  0%| F|  |TAMS 0x0000000086100000, 0x0000000086100000| Untracked 
|  74|0x0000000086200000, 0x0000000086200000, 0x0000000086300000|  0%| F|  |TAMS 0x0000000086200000, 0x0000000086200000| Untracked 
|  75|0x0000000086300000, 0x0000000086300000, 0x0000000086400000|  0%| F|  |TAMS 0x0000000086300000, 0x0000000086300000| Untracked 
|  76|0x0000000086400000, 0x0000000086400000, 0x0000000086500000|  0%| F|  |TAMS 0x0000000086400000, 0x0000000086400000| Untracked 
|  77|0x0000000086500000, 0x0000000086500000, 0x0000000086600000|  0%| F|  |TAMS 0x0000000086500000, 0x0000000086500000| Untracked 
|  78|0x0000000086600000, 0x0000000086600000, 0x0000000086700000|  0%| F|  |TAMS 0x0000000086600000, 0x0000000086600000| Untracked 
|  79|0x0000000086700000, 0x0000000086700000, 0x0000000086800000|  0%| F|  |TAMS 0x0000000086700000, 0x0000000086700000| Untracked 
|  80|0x0000000086800000, 0x0000000086800000, 0x0000000086900000|  0%| F|  |TAMS 0x0000000086800000, 0x0000000086800000| Untracked 
|  81|0x0000000086900000, 0x0000000086900000, 0x0000000086a00000|  0%| F|  |TAMS 0x0000000086900000, 0x0000000086900000| Untracked 
|  82|0x0000000086a00000, 0x0000000086a00000, 0x0000000086b00000|  0%| F|  |TAMS 0x0000000086a00000, 0x0000000086a00000| Untracked 
|  83|0x0000000086b00000, 0x0000000086b00000, 0x0000000086c00000|  0%| F|  |TAMS 0x0000000086b00000, 0x0000000086b00000| Untracked 
|  84|0x0000000086c00000, 0x0000000086c00000, 0x0000000086d00000|  0%| F|  |TAMS 0x0000000086c00000, 0x0000000086c00000| Untracked 
|  85|0x0000000086d00000, 0x0000000086d00000, 0x0000000086e00000|  0%| F|  |TAMS 0x0000000086d00000, 0x0000000086d00000| Untracked 
|  86|0x0000000086e00000, 0x0000000086e00000, 0x0000000086f00000|  0%| F|  |TAMS 0x0000000086e00000, 0x0000000086e00000| Untracked 
|  87|0x0000000086f00000, 0x0000000086f00000, 0x0000000087000000|  0%| F|  |TAMS 0x0000000086f00000, 0x0000000086f00000| Untracked 
|  88|0x0000000087000000, 0x0000000087000000, 0x0000000087100000|  0%| F|  |TAMS 0x0000000087000000, 0x0000000087000000| Untracked 
|  89|0x0000000087100000, 0x0000000087100000, 0x0000000087200000|  0%| F|  |TAMS 0x0000000087100000, 0x0000000087100000| Untracked 
|  90|0x0000000087200000, 0x0000000087200000, 0x0000000087300000|  0%| F|  |TAMS 0x0000000087200000, 0x0000000087200000| Untracked 
|  91|0x0000000087300000, 0x0000000087300000, 0x0000000087400000|  0%| F|  |TAMS 0x0000000087300000, 0x0000000087300000| Untracked 
|  92|0x0000000087400000, 0x0000000087400000, 0x0000000087500000|  0%| F|  |TAMS 0x0000000087400000, 0x0000000087400000| Untracked 
|  93|0x0000000087500000, 0x0000000087500000, 0x0000000087600000|  0%| F|  |TAMS 0x0000000087500000, 0x0000000087500000| Untracked 
|  94|0x0000000087600000, 0x0000000087600000, 0x0000000087700000|  0%| F|  |TAMS 0x0000000087600000, 0x0000000087600000| Untracked 
|  95|0x0000000087700000, 0x0000000087700000, 0x0000000087800000|  0%| F|  |TAMS 0x0000000087700000, 0x0000000087700000| Untracked 
|  96|0x0000000087800000, 0x0000000087800000, 0x0000000087900000|  0%| F|  |TAMS 0x0000000087800000, 0x0000000087800000| Untracked 
|  97|0x0000000087900000, 0x0000000087900000, 0x0000000087a00000|  0%| F|  |TAMS 0x0000000087900000, 0x0000000087900000| Untracked 
|  98|0x0000000087a00000, 0x0000000087a00000, 0x0000000087b00000|  0%| F|  |TAMS 0x0000000087a00000, 0x0000000087a00000| Untracked 
|  99|0x0000000087b00000, 0x0000000087b00000, 0x0000000087c00000|  0%| F|  |TAMS 0x0000000087b00000, 0x0000000087b00000| Untracked 
| 100|0x0000000087c00000, 0x0000000087c00000, 0x0000000087d00000|  0%| F|  |TAMS 0x0000000087c00000, 0x0000000087c00000| Untracked 
| 101|0x0000000087d00000, 0x0000000087d00000, 0x0000000087e00000|  0%| F|  |TAMS 0x0000000087d00000, 0x0000000087d00000| Untracked 
| 102|0x0000000087e00000, 0x0000000087e00000, 0x0000000087f00000|  0%| F|  |TAMS 0x0000000087e00000, 0x0000000087e00000| Untracked 
| 103|0x0000000087f00000, 0x0000000087f00000, 0x0000000088000000|  0%| F|  |TAMS 0x0000000087f00000, 0x0000000087f00000| Untracked 
| 104|0x0000000088000000, 0x0000000088000000, 0x0000000088100000|  0%| F|  |TAMS 0x0000000088000000, 0x0000000088000000| Untracked 
| 105|0x0000000088100000, 0x0000000088100000, 0x0000000088200000|  0%| F|  |TAMS 0x0000000088100000, 0x0000000088100000| Untracked 
| 106|0x0000000088200000, 0x0000000088200000, 0x0000000088300000|  0%| F|  |TAMS 0x0000000088200000, 0x0000000088200000| Untracked 
| 107|0x0000000088300000, 0x0000000088300000, 0x0000000088400000|  0%| F|  |TAMS 0x0000000088300000, 0x0000000088300000| Untracked 
| 108|0x0000000088400000, 0x0000000088400000, 0x0000000088500000|  0%| F|  |TAMS 0x0000000088400000, 0x0000000088400000| Untracked 
| 109|0x0000000088500000, 0x0000000088500000, 0x0000000088600000|  0%| F|  |TAMS 0x0000000088500000, 0x0000000088500000| Untracked 
| 110|0x0000000088600000, 0x0000000088600000, 0x0000000088700000|  0%| F|  |TAMS 0x0000000088600000, 0x0000000088600000| Untracked 
| 111|0x0000000088700000, 0x0000000088700000, 0x0000000088800000|  0%| F|  |TAMS 0x0000000088700000, 0x0000000088700000| Untracked 
| 112|0x0000000088800000, 0x0000000088800000, 0x0000000088900000|  0%| F|  |TAMS 0x0000000088800000, 0x0000000088800000| Untracked 
| 113|0x0000000088900000, 0x00000000889dc020, 0x0000000088a00000| 85%| S|CS|TAMS 0x0000000088900000, 0x0000000088900000| Complete 
| 114|0x0000000088a00000, 0x0000000088b00000, 0x0000000088b00000|100%| S|CS|TAMS 0x0000000088a00000, 0x0000000088a00000| Complete 
| 115|0x0000000088b00000, 0x0000000088b00000, 0x0000000088c00000|  0%| F|  |TAMS 0x0000000088b00000, 0x0000000088b00000| Untracked 
| 116|0x0000000088c00000, 0x0000000088c00000, 0x0000000088d00000|  0%| F|  |TAMS 0x0000000088c00000, 0x0000000088c00000| Untracked 
| 117|0x0000000088d00000, 0x0000000088d00000, 0x0000000088e00000|  0%| F|  |TAMS 0x0000000088d00000, 0x0000000088d00000| Untracked 
| 118|0x0000000088e00000, 0x0000000088e00000, 0x0000000088f00000|  0%| F|  |TAMS 0x0000000088e00000, 0x0000000088e00000| Untracked 
| 119|0x0000000088f00000, 0x0000000088f00000, 0x0000000089000000|  0%| F|  |TAMS 0x0000000088f00000, 0x0000000088f00000| Untracked 
| 120|0x0000000089000000, 0x0000000089000000, 0x0000000089100000|  0%| F|  |TAMS 0x0000000089000000, 0x0000000089000000| Untracked 
| 121|0x0000000089100000, 0x00000000891c9478, 0x0000000089200000| 78%| E|  |TAMS 0x0000000089100000, 0x0000000089100000| Complete 
| 122|0x0000000089200000, 0x0000000089300000, 0x0000000089300000|100%| E|CS|TAMS 0x0000000089200000, 0x0000000089200000| Complete 
| 123|0x0000000089300000, 0x0000000089400000, 0x0000000089400000|100%| E|CS|TAMS 0x0000000089300000, 0x0000000089300000| Complete 
| 124|0x0000000089400000, 0x0000000089500000, 0x0000000089500000|100%| E|CS|TAMS 0x0000000089400000, 0x0000000089400000| Complete 
| 125|0x0000000089500000, 0x0000000089600000, 0x0000000089600000|100%| E|CS|TAMS 0x0000000089500000, 0x0000000089500000| Complete 
| 126|0x0000000089600000, 0x0000000089700000, 0x0000000089700000|100%| E|CS|TAMS 0x0000000089600000, 0x0000000089600000| Complete 
| 127|0x0000000089700000, 0x0000000089800000, 0x0000000089800000|100%| E|  |TAMS 0x0000000089700000, 0x0000000089700000| Complete 

Card table byte_map: [0x00000223e09f0000,0x00000223e0df0000] _byte_map_base: 0x00000223e05e4000

Marking Bits (Prev, Next): (CMBitMap*) 0x00000223c9e2cd70, (CMBitMap*) 0x00000223c9e2cdb0
 Prev Bits: [0x00000223e11f0000, 0x00000223e3190000)
 Next Bits: [0x00000223e3190000, 0x00000223e5130000)

Polling page: 0x00000223c95d0000

Metaspace:

Usage:
  Non-class:      3.89 MB used.
      Class:    562.59 KB used.
       Both:      4.44 MB used.

Virtual space:
  Non-class space:        8.00 MB reserved,       4.00 MB ( 50%) committed,  1 nodes.
      Class space:        1.00 GB reserved,     704.00 KB ( <1%) committed,  1 nodes.
             Both:        1.01 GB reserved,       4.69 MB ( <1%) committed. 

Chunk freelists:
   Non-Class:  1.58 MB
       Class:  3.30 MB
        Both:  4.88 MB

MaxMetaspaceSize: unlimited
CompressedClassSpaceSize: 1.00 GB
Initial GC threshold: 21.00 MB
Current GC threshold: 21.00 MB
CDS: on
MetaspaceReclaimPolicy: balanced
 - commit_granule_bytes: 65536.
 - commit_granule_words: 8192.
 - virtual_space_node_default_size: 1048576.
 - enlarge_chunks_in_place: 1.
 - new_chunks_are_fully_committed: 0.
 - uncommit_free_chunks: 1.
 - use_allocation_guard: 0.
 - handle_deallocations: 1.


Internal statistics:

num_allocs_failed_limit: 0.
num_arena_births: 88.
num_arena_deaths: 0.
num_vsnodes_births: 2.
num_vsnodes_deaths: 0.
num_space_committed: 75.
num_space_uncommitted: 0.
num_chunks_returned_to_freelist: 0.
num_chunks_taken_from_freelist: 217.
num_chunk_merges: 0.
num_chunk_splits: 150.
num_chunks_enlarged: 116.
num_purges: 0.
num_inconsistent_stats: 0.

CodeHeap 'non-profiled nmethods': size=120000Kb used=279Kb max_used=279Kb free=119720Kb
 bounds [0x00000223d90c0000, 0x00000223d9330000, 0x00000223e05f0000]
CodeHeap 'profiled nmethods': size=120000Kb used=1279Kb max_used=1279Kb free=118720Kb
 bounds [0x00000223d1b90000, 0x00000223d1e00000, 0x00000223d90c0000]
CodeHeap 'non-nmethods': size=5760Kb used=1211Kb max_used=1266Kb free=4549Kb
 bounds [0x00000223d15f0000, 0x00000223d1860000, 0x00000223d1b90000]
 total_blobs=1358 nmethods=842 adapters=429
 compilation: enabled
              stopped_count=0, restarted_count=0
 full_count=0

Compilation events (20 events):
Event: 0.731 Thread 0x00000223e75abd40  834       3       java.lang.invoke.DirectMethodHandle::maybeCompile (24 bytes)
Event: 0.731 Thread 0x00000223e75abd40 nmethod 834 0x00000223d1ccc890 code [0x00000223d1ccca40, 0x00000223d1cccc58]
Event: 0.732 Thread 0x00000223e75abd40  835       3       jdk.internal.access.SharedSecrets::getJavaLangAccess (4 bytes)
Event: 0.732 Thread 0x00000223e75abd40 nmethod 835 0x00000223d1cccd90 code [0x00000223d1cccf20, 0x00000223d1ccd018]
Event: 0.733 Thread 0x00000223e80ab1f0  836       4       java.lang.String::replace (42 bytes)
Event: 0.736 Thread 0x00000223e75abd40  837       3       sun.invoke.util.VerifyAccess::isMemberAccessible (338 bytes)
Event: 0.737 Thread 0x00000223e75abd40 nmethod 837 0x00000223d1ccd090 code [0x00000223d1ccd420, 0x00000223d1cce7c8]
Event: 0.738 Thread 0x00000223e75abd40  838       3       java.lang.ref.Reference::<init> (7 bytes)
Event: 0.738 Thread 0x00000223e75abd40 nmethod 838 0x00000223d1cced10 code [0x00000223d1cceec0, 0x00000223d1ccf178]
Event: 0.739 Thread 0x00000223e75a9310 nmethod 829 0x00000223d9102d10 code [0x00000223d9102ee0, 0x00000223d9104178]
Event: 0.741 Thread 0x00000223e75a9310  839       4       jdk.internal.org.objectweb.asm.ClassReader::readUnsignedShort (26 bytes)
Event: 0.742 Thread 0x00000223e75abd40  840       3       jdk.internal.org.objectweb.asm.Type::<init> (26 bytes)
Event: 0.742 Thread 0x00000223e75abd40 nmethod 840 0x00000223d1ccf290 code [0x00000223d1ccf420, 0x00000223d1ccf5f8]
Event: 0.742 Thread 0x00000223e75a9310 nmethod 839 0x00000223d9104b90 code [0x00000223d9104d00, 0x00000223d9104dd8]
Event: 0.744 Thread 0x00000223e75abd40  841       3       java.util.HashSet::contains (9 bytes)
Event: 0.745 Thread 0x00000223e75a9310  842       4       java.lang.StringBuilder::append (8 bytes)
Event: 0.745 Thread 0x00000223e75abd40 nmethod 841 0x00000223d1ccf690 code [0x00000223d1ccf840, 0x00000223d1ccfa08]
Event: 0.745 Thread 0x00000223e75abd40  844       3       java.util.regex.Pattern::has (15 bytes)
Event: 0.745 Thread 0x00000223e75abd40 nmethod 844 0x00000223d1ccfb10 code [0x00000223d1ccfca0, 0x00000223d1ccfe18]
Event: 0.746 Thread 0x00000223e80ab1f0 nmethod 836 0x00000223d9105310 code [0x00000223d91054a0, 0x00000223d9105ab8]

GC Heap History (2 events):
Event: 0.596 GC heap before
{Heap before GC invocations=0 (full 0):
 garbage-first heap   total 131072K, used 13312K [0x0000000081800000, 0x0000000100000000)
  region size 1024K, 13 young (13312K), 0 survivors (0K)
 Metaspace       used 2769K, committed 2944K, reserved 1056768K
  class space    used 295K, committed 384K, reserved 1048576K
}
Event: 0.609 GC heap after
{Heap after GC invocations=1 (full 0):
 garbage-first heap   total 131072K, used 1904K [0x0000000081800000, 0x0000000100000000)
  region size 1024K, 2 young (2048K), 2 survivors (2048K)
 Metaspace       used 2769K, committed 2944K, reserved 1056768K
  class space    used 295K, committed 384K, reserved 1048576K
}

Deoptimization events (20 events):
Event: 0.536 Thread 0x00000223c9debd50 Uncommon trap: trap_request=0xffffffde fr.pc=0x00000223d90dde98 relative=0x0000000000000b18
Event: 0.536 Thread 0x00000223c9debd50 Uncommon trap: reason=class_check action=maybe_recompile pc=0x00000223d90dde98 method=java.util.HashMap.putVal(ILjava/lang/Object;Ljava/lang/Object;ZZ)Ljava/lang/Object; @ 152 c2
Event: 0.536 Thread 0x00000223c9debd50 DEOPT PACKING pc=0x00000223d90dde98 sp=0x000000cd084fd250
Event: 0.536 Thread 0x00000223c9debd50 DEOPT UNPACKING pc=0x00000223d16423a3 sp=0x000000cd084fd1e0 mode 2
Event: 0.650 Thread 0x00000223e8b49060 Uncommon trap: trap_request=0xffffffde fr.pc=0x00000223d90fdec8 relative=0x0000000000000128
Event: 0.650 Thread 0x00000223e8b49060 Uncommon trap: reason=class_check action=maybe_recompile pc=0x00000223d90fdec8 method=jdk.internal.misc.Unsafe.allocateUninitializedArray(Ljava/lang/Class;I)Ljava/lang/Object; @ 51 c2
Event: 0.650 Thread 0x00000223e8b49060 DEOPT PACKING pc=0x00000223d90fdec8 sp=0x000000cd09cfd880
Event: 0.650 Thread 0x00000223e8b49060 DEOPT UNPACKING pc=0x00000223d16423a3 sp=0x000000cd09cfd808 mode 2
Event: 0.650 Thread 0x00000223e8b49060 Uncommon trap: trap_request=0xffffffde fr.pc=0x00000223d90fdec8 relative=0x0000000000000128
Event: 0.650 Thread 0x00000223e8b49060 Uncommon trap: reason=class_check action=maybe_recompile pc=0x00000223d90fdec8 method=jdk.internal.misc.Unsafe.allocateUninitializedArray(Ljava/lang/Class;I)Ljava/lang/Object; @ 51 c2
Event: 0.650 Thread 0x00000223e8b49060 DEOPT PACKING pc=0x00000223d90fdec8 sp=0x000000cd09cfd840
Event: 0.650 Thread 0x00000223e8b49060 DEOPT UNPACKING pc=0x00000223d16423a3 sp=0x000000cd09cfd7c8 mode 2
Event: 0.651 Thread 0x00000223e8b49060 Uncommon trap: trap_request=0xffffffde fr.pc=0x00000223d90fdec8 relative=0x0000000000000128
Event: 0.651 Thread 0x00000223e8b49060 Uncommon trap: reason=class_check action=maybe_recompile pc=0x00000223d90fdec8 method=jdk.internal.misc.Unsafe.allocateUninitializedArray(Ljava/lang/Class;I)Ljava/lang/Object; @ 51 c2
Event: 0.651 Thread 0x00000223e8b49060 DEOPT PACKING pc=0x00000223d90fdec8 sp=0x000000cd09cfdae0
Event: 0.651 Thread 0x00000223e8b49060 DEOPT UNPACKING pc=0x00000223d16423a3 sp=0x000000cd09cfda68 mode 2
Event: 0.651 Thread 0x00000223e8b49060 Uncommon trap: trap_request=0xffffffde fr.pc=0x00000223d90fdec8 relative=0x0000000000000128
Event: 0.651 Thread 0x00000223e8b49060 Uncommon trap: reason=class_check action=maybe_recompile pc=0x00000223d90fdec8 method=jdk.internal.misc.Unsafe.allocateUninitializedArray(Ljava/lang/Class;I)Ljava/lang/Object; @ 51 c2
Event: 0.651 Thread 0x00000223e8b49060 DEOPT PACKING pc=0x00000223d90fdec8 sp=0x000000cd09cfdaa0
Event: 0.651 Thread 0x00000223e8b49060 DEOPT UNPACKING pc=0x00000223d16423a3 sp=0x000000cd09cfda28 mode 2

Classes unloaded (0 events):
No events

Classes redefined (0 events):
No events

Internal exceptions (14 events):
Event: 0.105 Thread 0x00000223c9debd50 Exception <a 'sun/nio/fs/WindowsException'{0x000000008962d228}> (0x000000008962d228) 
thrown [t:\workspace\open\src\hotspot\share\prims\jni.cpp, line 516]
Event: 0.105 Thread 0x00000223c9debd50 Exception <a 'sun/nio/fs/WindowsException'{0x000000008962d678}> (0x000000008962d678) 
thrown [t:\workspace\open\src\hotspot\share\prims\jni.cpp, line 516]
Event: 0.311 Thread 0x00000223c9debd50 Exception <a 'java/lang/NoSuchMethodError'{0x000000008908d8e0}: 'java.lang.Object java.lang.invoke.DirectMethodHandle$Holder.invokeStaticInit(java.lang.Object)'> (0x000000008908d8e0) 
thrown [t:\workspace\open\src\hotspot\share\interpreter\linkResolver.cpp, line 766]
Event: 0.315 Thread 0x00000223c9debd50 Exception <a 'java/lang/NoSuchMethodError'{0x0000000089095958}: 'void java.lang.invoke.DirectMethodHandle$Holder.invokeStatic(java.lang.Object, java.lang.Object)'> (0x0000000089095958) 
thrown [t:\workspace\open\src\hotspot\share\interpreter\linkResolver.cpp, line 766]
Event: 0.462 Thread 0x00000223c9debd50 Exception <a 'java/lang/NoSuchMethodError'{0x0000000088db5920}: 'void java.lang.invoke.DirectMethodHandle$Holder.invokeSpecial(java.lang.Object, java.lang.Object, java.lang.Object)'> (0x0000000088db5920) 
thrown [t:\workspace\open\src\hotspot\share\interpreter\linkResolver.cpp, line 766]
Event: 0.479 Thread 0x00000223c9debd50 Exception <a 'java/lang/NoSuchMethodError'{0x0000000088dec7d0}: 'void java.lang.invoke.DirectMethodHandle$Holder.invokeStatic(java.lang.Object, java.lang.Object, java.lang.Object)'> (0x0000000088dec7d0) 
thrown [t:\workspace\open\src\hotspot\share\interpreter\linkResolver.cpp, line 766]
Event: 0.522 Thread 0x00000223c9debd50 Exception <a 'java/lang/NoSuchMethodError'{0x0000000088c93240}: 'int java.lang.invoke.DirectMethodHandle$Holder.invokeStaticInit(java.lang.Object, java.lang.Object, java.lang.Object)'> (0x0000000088c93240) 
thrown [t:\workspace\open\src\hotspot\share\interpreter\linkResolver.cpp, line 766]
Event: 0.544 Thread 0x00000223c9debd50 Exception <a 'java/lang/NoSuchMethodError'{0x0000000088b4ab80}: 'java.lang.Object java.lang.invoke.DirectMethodHandle$Holder.newInvokeSpecial(java.lang.Object, java.lang.Object, int, java.lang.Object)'> (0x0000000088b4ab80) 
thrown [t:\workspace\open\src\hotspot\share\interpreter\linkResolver.cpp, line 766]
Event: 0.545 Thread 0x00000223c9debd50 Exception <a 'java/lang/NoSuchMethodError'{0x0000000088b4ef60}: 'java.lang.Object java.lang.invoke.DirectMethodHandle$Holder.invokeSpecial(java.lang.Object, java.lang.Object, java.lang.Object, int, java.lang.Object)'> (0x0000000088b4ef60) 
thrown [t:\workspace\open\src\hotspot\share\interpreter\linkResolver.cpp, line 766]
Event: 0.649 Thread 0x00000223e8b49060 Exception <a 'java/lang/NoSuchMethodError'{0x0000000089531248}: 'void java.lang.invoke.DirectMethodHandle$Holder.invokeStaticInit(java.lang.Object)'> (0x0000000089531248) 
thrown [t:\workspace\open\src\hotspot\share\interpreter\linkResolver.cpp, line 766]
Event: 0.654 Thread 0x00000223c9debd50 Exception <a 'java/lang/NoSuchMethodError'{0x0000000089561b48}: 'java.lang.Object java.lang.invoke.DirectMethodHandle$Holder.newInvokeSpecial(java.lang.Object, java.lang.Object, java.lang.Object, java.lang.Object, java.lang.Object, java.lang.Object)'> (0x0000000089561b48) 
thrown [t:\workspace\open\src\hotspot\share\interpreter\linkResolver.cpp, line 766]
Event: 0.662 Thread 0x00000223c9debd50 Exception <a 'java/lang/NoSuchMethodError'{0x00000000895925f0}: 'java.lang.Object java.lang.invoke.DirectMethodHandle$Holder.newInvokeSpecial(java.lang.Object, java.lang.Object, java.lang.Object, java.lang.Object, java.lang.Object)'> (0x00000000895925f0) 
thrown [t:\workspace\open\src\hotspot\share\interpreter\linkResolver.cpp, line 766]
Event: 0.663 Thread 0x00000223e95f82c0 Exception <a 'java/lang/NoSuchMethodError'{0x00000000895d9a00}: 'void java.lang.invoke.DirectMethodHandle$Holder.invokeStatic(java.lang.Object, java.lang.Object, java.lang.Object, java.lang.Object)'> (0x00000000895d9a00) 
thrown [t:\workspace\open\src\hotspot\share\interpreter\linkResolver.cpp, line 766]
Event: 0.743 Thread 0x00000223c9debd50 Exception <a 'java/lang/reflect/InvocationTargetException'{0x0000000089596a00}> (0x0000000089596a00) 
thrown [t:\workspace\open\src\hotspot\share\runtime\reflection.cpp, line 1121]

VM Operations (11 events):
Event: 0.110 Executing VM operation: HandshakeAllThreads
Event: 0.110 Executing VM operation: HandshakeAllThreads done
Event: 0.248 Executing VM operation: HandshakeAllThreads
Event: 0.248 Executing VM operation: HandshakeAllThreads done
Event: 0.319 Executing VM operation: HandshakeAllThreads
Event: 0.320 Executing VM operation: HandshakeAllThreads done
Event: 0.535 Executing VM operation: HandshakeAllThreads
Event: 0.535 Executing VM operation: HandshakeAllThreads done
Event: 0.596 Executing VM operation: G1CollectForAllocation
Event: 0.609 Executing VM operation: G1CollectForAllocation done
Event: 0.746 Executing VM operation: Exit

Events (20 events):
Event: 0.692 loading class javax/xml/stream/XMLStreamException done
Event: 0.692 loading class javax/xml/stream/XMLStreamReader
Event: 0.692 loading class javax/xml/stream/XMLStreamConstants
Event: 0.692 loading class javax/xml/stream/XMLStreamConstants done
Event: 0.693 loading class javax/xml/stream/XMLStreamReader done
Event: 0.693 Loaded shared library E:\Java\jdk-17.0.1\bin\jimage.dll
Event: 0.694 loading class sun/net/www/protocol/jrt/Handler
Event: 0.695 loading class sun/net/www/protocol/jrt/Handler done
Event: 0.701 loading class java/lang/NoSuchFieldError
Event: 0.701 loading class java/lang/NoSuchFieldError done
Event: 0.740 loading class java/util/LinkedList$ListItr
Event: 0.740 loading class java/util/LinkedList$ListItr done
Event: 0.743 Thread 0x00000223e8b49060 Thread exited: 0x00000223e8b49060
Event: 0.743 Thread 0x00000223e95f82c0 Thread exited: 0x00000223e95f82c0
Event: 0.743 loading class java/lang/Throwable$WrappedPrintStream
Event: 0.743 loading class java/lang/Throwable$PrintStreamOrWriter
Event: 0.743 loading class java/lang/Throwable$PrintStreamOrWriter done
Event: 0.743 loading class java/lang/Throwable$WrappedPrintStream done
Event: 0.745 loading class java/util/Formatter$FixedString
Event: 0.745 loading class java/util/Formatter$FixedString done


Dynamic libraries:
0x00007ff660b00000 - 0x00007ff660b0e000 	E:\Java\jdk-17.0.1\bin\java.exe
0x00007ffe53130000 - 0x00007ffe53325000 	C:\Windows\SYSTEM32\ntdll.dll
0x00007ffe51aa0000 - 0x00007ffe51b5e000 	C:\Windows\System32\KERNEL32.DLL
0x00007ffe50ae0000 - 0x00007ffe50da9000 	C:\Windows\System32\KERNELBASE.dll
0x00007ffe50ec0000 - 0x00007ffe50fc0000 	C:\Windows\System32\ucrtbase.dll
0x00007ffe4ba70000 - 0x00007ffe4ba88000 	E:\Java\jdk-17.0.1\bin\jli.dll
0x00007ffe40da0000 - 0x00007ffe40dba000 	E:\Java\jdk-17.0.1\bin\VCRUNTIME140.dll
0x00007ffe51fb0000 - 0x00007ffe52151000 	C:\Windows\System32\USER32.dll
0x00007ffe510a0000 - 0x00007ffe510c2000 	C:\Windows\System32\win32u.dll
0x00007ffe51ea0000 - 0x00007ffe51ecb000 	C:\Windows\System32\GDI32.dll
0x00007ffe40860000 - 0x00007ffe40afa000 	C:\Windows\WinSxS\amd64_microsoft.windows.common-controls_6595b64144ccf1df_6.0.19041.1110_none_60b5254171f9507e\COMCTL32.dll
0x00007ffe50db0000 - 0x00007ffe50ebb000 	C:\Windows\System32\gdi32full.dll
0x00007ffe518f0000 - 0x00007ffe5198e000 	C:\Windows\System32\msvcrt.dll
0x00007ffe50a40000 - 0x00007ffe50add000 	C:\Windows\System32\msvcp_win.dll
0x00007ffe51da0000 - 0x00007ffe51dd0000 	C:\Windows\System32\IMM32.DLL
0x00007ffe4d410000 - 0x00007ffe4d41c000 	E:\Java\jdk-17.0.1\bin\vcruntime140_1.dll
0x00007ffe16780000 - 0x00007ffe1680d000 	E:\Java\jdk-17.0.1\bin\msvcp140.dll
0x00007ffdf2c40000 - 0x00007ffdf37fe000 	E:\Java\jdk-17.0.1\bin\server\jvm.dll
0x00007ffe53040000 - 0x00007ffe530ec000 	C:\Windows\System32\ADVAPI32.dll
0x00007ffe51850000 - 0x00007ffe518eb000 	C:\Windows\System32\sechost.dll
0x00007ffe52160000 - 0x00007ffe5228a000 	C:\Windows\System32\RPCRT4.dll
0x00007ffe53030000 - 0x00007ffe53038000 	C:\Windows\System32\PSAPI.DLL
0x00007ffe3a2f0000 - 0x00007ffe3a2f9000 	C:\Windows\SYSTEM32\WSOCK32.dll
0x00007ffe51dd0000 - 0x00007ffe51e3b000 	C:\Windows\System32\WS2_32.dll
0x00007ffe464a0000 - 0x00007ffe464c7000 	C:\Windows\SYSTEM32\WINMM.dll
0x00007ffe4af60000 - 0x00007ffe4af6a000 	C:\Windows\SYSTEM32\VERSION.dll
0x00007ffe4e750000 - 0x00007ffe4e762000 	C:\Windows\SYSTEM32\kernel.appcore.dll
0x00007ffe4ba60000 - 0x00007ffe4ba6a000 	E:\Java\jdk-17.0.1\bin\jimage.dll
0x00007ffe3a330000 - 0x00007ffe3a514000 	C:\Windows\SYSTEM32\DBGHELP.DLL
0x00007ffe3a300000 - 0x00007ffe3a32c000 	C:\Windows\SYSTEM32\dbgcore.DLL
0x00007ffe50850000 - 0x00007ffe508d3000 	C:\Windows\System32\bcryptPrimitives.dll
0x00007ffe40d90000 - 0x00007ffe40d9e000 	E:\Java\jdk-17.0.1\bin\instrument.dll
0x00007ffe2e8f0000 - 0x00007ffe2e915000 	E:\Java\jdk-17.0.1\bin\java.dll
0x00007ffe15af0000 - 0x00007ffe15bc6000 	E:\Java\jdk-17.0.1\bin\svml.dll
0x00007ffe524b0000 - 0x00007ffe52bef000 	C:\Windows\System32\SHELL32.dll
0x00007ffe4e950000 - 0x00007ffe4f0e0000 	C:\Windows\SYSTEM32\windows.storage.dll
0x00007ffe52bf0000 - 0x00007ffe52f45000 	C:\Windows\System32\combase.dll
0x00007ffe502a0000 - 0x00007ffe502cc000 	C:\Windows\SYSTEM32\Wldp.dll
0x00007ffe51c90000 - 0x00007ffe51d3d000 	C:\Windows\System32\SHCORE.dll
0x00007ffe517f0000 - 0x00007ffe51845000 	C:\Windows\System32\shlwapi.dll
0x00007ffe50790000 - 0x00007ffe507af000 	C:\Windows\SYSTEM32\profapi.dll
0x00007ffe40be0000 - 0x00007ffe40bf9000 	E:\Java\jdk-17.0.1\bin\net.dll
0x00007ffe49f20000 - 0x00007ffe4a028000 	C:\Windows\SYSTEM32\WINHTTP.dll
0x00007ffe50000000 - 0x00007ffe5006a000 	C:\Windows\system32\mswsock.dll
0x00007ffe404e0000 - 0x00007ffe404f5000 	E:\Java\jdk-17.0.1\bin\nio.dll
0x00007ffe3bc90000 - 0x00007ffe3bca8000 	E:\Java\jdk-17.0.1\bin\zip.dll
0x00007ffe2aa00000 - 0x00007ffe2aa1a000 	C:\Program Files\JetBrains\IntelliJ IDEA Community Edition 2021.2.3\bin\breakgen64.dll
0x00000223c9da0000 - 0x00000223c9da3000 	E:\Java\javafx-sdk-17.0.1\bin\api-ms-win-core-console-l1-1-0.dll
0x00000223c9db0000 - 0x00000223c9db3000 	E:\Java\javafx-sdk-17.0.1\bin\api-ms-win-core-console-l1-2-0.dll
0x00000223c9dc0000 - 0x00000223c9dc3000 	E:\Java\javafx-sdk-17.0.1\bin\api-ms-win-core-datetime-l1-1-0.dll
0x00000223e7760000 - 0x00000223e7763000 	E:\Java\javafx-sdk-17.0.1\bin\api-ms-win-core-debug-l1-1-0.dll
0x00000223e7770000 - 0x00000223e7773000 	E:\Java\javafx-sdk-17.0.1\bin\api-ms-win-core-errorhandling-l1-1-0.dll
0x00000223e7780000 - 0x00000223e7784000 	E:\Java\javafx-sdk-17.0.1\bin\api-ms-win-core-file-l1-1-0.dll
0x00000223e7790000 - 0x00000223e7793000 	E:\Java\javafx-sdk-17.0.1\bin\api-ms-win-core-file-l1-2-0.dll
0x00000223e77a0000 - 0x00000223e77a3000 	E:\Java\javafx-sdk-17.0.1\bin\api-ms-win-core-file-l2-1-0.dll
0x00000223e77b0000 - 0x00000223e77b3000 	E:\Java\javafx-sdk-17.0.1\bin\api-ms-win-core-handle-l1-1-0.dll
0x00000223e77c0000 - 0x00000223e77c3000 	E:\Java\javafx-sdk-17.0.1\bin\api-ms-win-core-heap-l1-1-0.dll
0x00000223e77d0000 - 0x00000223e77d3000 	E:\Java\javafx-sdk-17.0.1\bin\api-ms-win-core-interlocked-l1-1-0.dll
0x00000223e77e0000 - 0x00000223e77e3000 	E:\Java\javafx-sdk-17.0.1\bin\api-ms-win-core-libraryloader-l1-1-0.dll
0x00000223e77f0000 - 0x00000223e77f3000 	E:\Java\javafx-sdk-17.0.1\bin\api-ms-win-core-localization-l1-2-0.dll
0x00000223e9bd0000 - 0x00000223e9bd3000 	E:\Java\javafx-sdk-17.0.1\bin\api-ms-win-core-memory-l1-1-0.dll
0x00000223e9be0000 - 0x00000223e9be3000 	E:\Java\javafx-sdk-17.0.1\bin\api-ms-win-core-namedpipe-l1-1-0.dll
0x00000223e9bf0000 - 0x00000223e9bf3000 	E:\Java\javafx-sdk-17.0.1\bin\api-ms-win-core-processenvironment-l1-1-0.dll
0x00000223e9c00000 - 0x00000223e9c03000 	E:\Java\javafx-sdk-17.0.1\bin\api-ms-win-core-processthreads-l1-1-0.dll
0x00000223e9c10000 - 0x00000223e9c13000 	E:\Java\javafx-sdk-17.0.1\bin\api-ms-win-core-processthreads-l1-1-1.dll
0x00000223e9c20000 - 0x00000223e9c23000 	E:\Java\javafx-sdk-17.0.1\bin\api-ms-win-core-profile-l1-1-0.dll
0x00000223e9c30000 - 0x00000223e9c33000 	E:\Java\javafx-sdk-17.0.1\bin\api-ms-win-core-rtlsupport-l1-1-0.dll
0x00000223e9c40000 - 0x00000223e9c43000 	E:\Java\javafx-sdk-17.0.1\bin\api-ms-win-core-string-l1-1-0.dll
0x00000223e9c50000 - 0x00000223e9c53000 	E:\Java\javafx-sdk-17.0.1\bin\api-ms-win-core-synch-l1-1-0.dll
0x00000223e9c60000 - 0x00000223e9c63000 	E:\Java\javafx-sdk-17.0.1\bin\api-ms-win-core-synch-l1-2-0.dll
0x00000223e9c70000 - 0x00000223e9c73000 	E:\Java\javafx-sdk-17.0.1\bin\api-ms-win-core-sysinfo-l1-1-0.dll
0x00000223e9c80000 - 0x00000223e9c83000 	E:\Java\javafx-sdk-17.0.1\bin\api-ms-win-core-timezone-l1-1-0.dll
0x00000223e9c90000 - 0x00000223e9c93000 	E:\Java\javafx-sdk-17.0.1\bin\api-ms-win-core-util-l1-1-0.dll
0x00000223e9ca0000 - 0x00000223e9ca3000 	E:\Java\javafx-sdk-17.0.1\bin\api-ms-win-crt-conio-l1-1-0.dll
0x00000223e9df0000 - 0x00000223e9df4000 	E:\Java\javafx-sdk-17.0.1\bin\api-ms-win-crt-convert-l1-1-0.dll
0x00000223e9e00000 - 0x00000223e9e03000 	E:\Java\javafx-sdk-17.0.1\bin\api-ms-win-crt-environment-l1-1-0.dll
0x00000223e9e10000 - 0x00000223e9e13000 	E:\Java\javafx-sdk-17.0.1\bin\api-ms-win-crt-filesystem-l1-1-0.dll
0x00000223e9cb0000 - 0x00000223e9cb3000 	E:\Java\javafx-sdk-17.0.1\bin\api-ms-win-crt-heap-l1-1-0.dll
0x00000223e9cc0000 - 0x00000223e9cc3000 	E:\Java\javafx-sdk-17.0.1\bin\api-ms-win-crt-locale-l1-1-0.dll
0x00000223e9cd0000 - 0x00000223e9cd5000 	E:\Java\javafx-sdk-17.0.1\bin\api-ms-win-crt-math-l1-1-0.dll
0x00000223e9ce0000 - 0x00000223e9ce5000 	E:\Java\javafx-sdk-17.0.1\bin\api-ms-win-crt-multibyte-l1-1-0.dll
0x00000223e9cf0000 - 0x00000223e9d00000 	E:\Java\javafx-sdk-17.0.1\bin\api-ms-win-crt-private-l1-1-0.dll
0x00000223e9d00000 - 0x00000223e9d03000 	E:\Java\javafx-sdk-17.0.1\bin\api-ms-win-crt-process-l1-1-0.dll
0x00000223e9d10000 - 0x00000223e9d14000 	E:\Java\javafx-sdk-17.0.1\bin\api-ms-win-crt-runtime-l1-1-0.dll
0x00000223e9d20000 - 0x00000223e9d24000 	E:\Java\javafx-sdk-17.0.1\bin\api-ms-win-crt-stdio-l1-1-0.dll
0x00000223e9d30000 - 0x00000223e9d34000 	E:\Java\javafx-sdk-17.0.1\bin\api-ms-win-crt-string-l1-1-0.dll
0x00000223e9d40000 - 0x00000223e9d43000 	E:\Java\javafx-sdk-17.0.1\bin\api-ms-win-crt-time-l1-1-0.dll
0x00000223e9d50000 - 0x00000223e9d53000 	E:\Java\javafx-sdk-17.0.1\bin\api-ms-win-crt-utility-l1-1-0.dll
0x00007ffe15710000 - 0x00007ffe1580c000 	E:\Java\javafx-sdk-17.0.1\bin\ucrtbase.dll
0x00007ffe22870000 - 0x00007ffe2288a000 	E:\Java\javafx-sdk-17.0.1\bin\vcruntime140.dll
0x00007ffe3ef10000 - 0x00007ffe3ef1c000 	E:\Java\javafx-sdk-17.0.1\bin\vcruntime140_1.dll
0x00007ffe15680000 - 0x00007ffe1570d000 	E:\Java\javafx-sdk-17.0.1\bin\msvcp140.dll
0x00007ffe1f980000 - 0x00007ffe1f9aa000 	E:\Java\javafx-sdk-17.0.1\bin\prism_d3d.dll
0x00007ffe20960000 - 0x00007ffe20b2e000 	C:\Windows\system32\d3d9.dll
0x00007ffe4e640000 - 0x00007ffe4e66f000 	C:\Windows\SYSTEM32\dwmapi.dll
0x00007ffe4e270000 - 0x00007ffe4e30e000 	C:\Windows\system32\uxtheme.dll
0x00007ffe51b60000 - 0x00007ffe51c8a000 	C:\Windows\System32\ole32.dll
0x00007ffe51600000 - 0x00007ffe516cd000 	C:\Windows\System32\OLEAUT32.dll
0x00007ffe51020000 - 0x00007ffe5106e000 	C:\Windows\System32\cfgmgr32.dll
0x00007ffe51070000 - 0x00007ffe51097000 	C:\Windows\System32\bcrypt.dll
0x00007ffe1b3e0000 - 0x00007ffe1b422000 	E:\Java\javafx-sdk-17.0.1\bin\glass.dll
0x00007ffe51ed0000 - 0x00007ffe51faa000 	C:\Windows\System32\COMDLG32.dll
0x00007ffe516d0000 - 0x00007ffe517e5000 	C:\Windows\System32\MSCTF.dll
0x00007ffe46ec0000 - 0x00007ffe46efb000 	C:\Windows\SYSTEM32\dxcore.dll

dbghelp: loaded successfully - version: 4.0.5 - missing functions: none
symbol engine: initialized successfully - sym options: 0x614 - pdb path: .;E:\Java\jdk-17.0.1\bin;C:\Windows\SYSTEM32;C:\Windows\WinSxS\amd64_microsoft.windows.common-controls_6595b64144ccf1df_6.0.19041.1110_none_60b5254171f9507e;E:\Java\jdk-17.0.1\bin\server;C:\Program Files\JetBrains\IntelliJ IDEA Community Edition 2021.2.3\bin;E:\Java\javafx-sdk-17.0.1\bin;C:\Windows\System32\DriverStore\FileRepository\iigd_dch.inf_amd64_a086f01cc7be643a;C:\Windows\System32\DriverStore\FileRepository\nvlt.inf_amd64_8ce2e93d564b086f

VM Arguments:
jvm_args: --module-path=E:\Java\javafx-sdk-17.0.1\lib --add-modules=javafx.controls,javafx.fxml -javaagent:C:\Program Files\JetBrains\IntelliJ IDEA Community Edition 2021.2.3\lib\idea_rt.jar=58177:C:\Program Files\JetBrains\IntelliJ IDEA Community Edition 2021.2.3\bin -Dfile.encoding=UTF-8 
java_command: Start.HelloApplication
java_class_path (initial): C:\Users\Omar Mohamed\IdeaProjects\Library_System\out\production\Library_System;E:\Java\sqlite-jdbc-3.36.0.3.jar;E:\Java\javafx-sdk-17.0.1\lib\javafx-swt.jar;E:\Java\javafx-sdk-17.0.1\lib\javafx.web.jar;E:\Java\javafx-sdk-17.0.1\lib\javafx.base.jar;E:\Java\javafx-sdk-17.0.1\lib\javafx.fxml.jar;E:\Java\javafx-sdk-17.0.1\lib\javafx.media.jar;E:\Java\javafx-sdk-17.0.1\lib\javafx.swing.jar;E:\Java\javafx-sdk-17.0.1\lib\javafx.controls.jar;E:\Java\javafx-sdk-17.0.1\lib\javafx.graphics.jar
Launcher Type: SUN_STANDARD

[Global flags]
     intx CICompilerCount                          = 3                                         {product} {ergonomic}
     uint ConcGCThreads                            = 1                                         {product} {ergonomic}
     uint G1ConcRefinementThreads                  = 4                                         {product} {ergonomic}
   size_t G1HeapRegionSize                         = 1048576                                   {product} {ergonomic}
    uintx GCDrainStackTargetSize                   = 64                                        {product} {ergonomic}
   size_t InitialHeapSize                          = 134217728                                 {product} {ergonomic}
   size_t MarkStackSize                            = 4194304                                   {product} {ergonomic}
   size_t MaxHeapSize                              = 2122317824                                {product} {ergonomic}
   size_t MaxNewSize                               = 1272971264                                {product} {ergonomic}
   size_t MinHeapDeltaBytes                        = 1048576                                   {product} {ergonomic}
   size_t MinHeapSize                              = 8388608                                   {product} {ergonomic}
    uintx NonNMethodCodeHeapSize                   = 5832780                                {pd product} {ergonomic}
    uintx NonProfiledCodeHeapSize                  = 122912730                              {pd product} {ergonomic}
    uintx ProfiledCodeHeapSize                     = 122912730                              {pd product} {ergonomic}
    uintx ReservedCodeCacheSize                    = 251658240                              {pd product} {ergonomic}
     bool SegmentedCodeCache                       = true                                      {product} {ergonomic}
   size_t SoftMaxHeapSize                          = 2122317824                             {manageable} {ergonomic}
     bool UseCompressedClassPointers               = true                           {product lp64_product} {ergonomic}
     bool UseCompressedOops                        = true                           {product lp64_product} {ergonomic}
     bool UseG1GC                                  = true                                      {product} {ergonomic}
     bool UseLargePagesIndividualAllocation        = false                                  {pd product} {ergonomic}

Logging:
Log output configuration:
 #0: stdout all=warning uptime,level,tags
 #1: stderr all=off uptime,level,tags

Environment Variables:
JAVA_HOME=E:\Java\jdk-17.0.1
CLASSPATH=.
PATH=C:\Windows\system32;C:\Windows;C:\Windows\System32\Wbem;C:\Windows\System32\WindowsPowerShell\v1.0\;C:\Windows\System32\OpenSSH\;C:\Program Files\Git\cmd;C:\msys64\mingw64\bin;C:\Program Files\dotnet\;E:\Java\jdk-17.0.1\bin;C:\Users\Omar Mohamed\AppData\Local\Programs\Python\Python39\Scripts\;C:\Users\Omar Mohamed\AppData\Local\Programs\Python\Python39\;C:\Users\Omar Mohamed\AppData\Local\Microsoft\WindowsApps;;C:\Users\Omar Mohamed\AppData\Local\Programs\Microsoft VS Code\bin;C:\Users\Omar Mohamed\.dotnet\tools;C:\Program Files\JetBrains\IntelliJ IDEA Community Edition 2021.2.3\bin;
USERNAME=Omar Mohamed
OS=Windows_NT
PROCESSOR_IDENTIFIER=Intel64 Family 6 Model 142 Stepping 9, GenuineIntel



---------------  S Y S T E M  ---------------

OS:
 Windows 10 , 64 bit Build 19041 (10.0.19041.1202)
OS uptime: 6 days 20:52 hours

CPU: total 4 (initial active 4) (2 cores per cpu, 2 threads per core) family 6 model 142 stepping 9 microcode 0xb4, cx8, cmov, fxsr, ht, mmx, 3dnowpref, sse, sse2, sse3, ssse3, sse4.1, sse4.2, popcnt, lzcnt, tsc, tscinvbit, avx, avx2, aes, erms, clmul, bmi1, bmi2, adx, fma, vzeroupper, clflush, clflushopt

Memory: 4k page, system-wide physical 8092M (1033M free)
TotalPageFile size 18844M (AvailPageFile size 8315M)
current process WorkingSet (physical memory assigned to process): 83M, peak: 97M
current process commit charge ("private bytes"): 237M, peak: 252M

vm_info: OpenJDK 64-Bit Server VM (17.0.1+12-39) for windows-amd64 JRE (17.0.1+12-39), built on Sep 27 2021 18:39:29 by "mach5one" with MS VC++ 16.8 (VS2019)

END.
